2023-11-14 23:46:00,863 [INFO] Activator:176 - 


2023-11-14 23:46:00,866 [INFO] Activator:177 - !SESSION log4j initialized
2023-11-14 23:46:05,164 [INFO] LogOutputStream:77 - [STDOUT_REDIRECT] 
2023-11-14 23:46:09,042 [INFO] ApplicationProperties:184 - Using Application install path: C:\ST\STM32CubeIDE_1.13.2\STM32CubeIDE\plugins\com.st.stm32cube.common.mx_6.9.2.202309101412
2023-11-14 23:46:09,077 [INFO] DbMcusXml:78 - Set database path to: C:\ST\STM32CubeIDE_1.13.2\STM32CubeIDE\plugins\com.st.stm32cube.common.mx_6.9.2.202309101412\\db\/mcu/
2023-11-14 23:46:09,078 [INFO] ApiDb:274 - Set plugin database path to: C:\ST\STM32CubeIDE_1.13.2\STM32CubeIDE\plugins\com.st.stm32cube.common.mx_6.9.2.202309101412\\db\/plugins/boardmanager/
2023-11-14 23:46:09,079 [WARN] ApiDb:259 - Overriding images path with different value:  => C:\ST\STM32CubeIDE_1.13.2\STM32CubeIDE\plugins\com.st.stm32cube.common.mx_6.9.2.202309101412\\db\/plugins/mcufinder/images/
2023-11-14 23:46:09,107 [INFO] ApiDb:250 - Set database path to: C:\Users\Anamarija\.stmcufinder\plugins\mcufinder//mcu/
2023-11-14 23:46:09,110 [INFO] DbMcusAds:125 - Set database path to: C:\Users\Anamarija\.stmcufinder\plugins\mcufinder//mcu/
2023-11-14 23:46:09,114 [INFO] CrossReferenceDbSqlite:203 - Set database path to: C:\Users\Anamarija\.stmcufinder\plugins\mcufinder//mcu/cs/
2023-11-14 23:46:09,364 [INFO] RulesReader:64 - Compatibility file has been processed (293 Rules)
2023-11-14 23:46:09,558 [INFO] DbMcusXml:78 - Set database path to: C:\ST\STM32CubeIDE_1.13.2\STM32CubeIDE\plugins\com.st.stm32cube.common.mx_6.9.2.202309101412\\db\/mcu/
2023-11-14 23:46:09,559 [INFO] ApiDb:274 - Set plugin database path to: C:\ST\STM32CubeIDE_1.13.2\STM32CubeIDE\plugins\com.st.stm32cube.common.mx_6.9.2.202309101412\\db\/plugins/boardmanager/
2023-11-14 23:46:09,559 [INFO] ApiDb:261 - Set plugin images path to: C:\ST\STM32CubeIDE_1.13.2\STM32CubeIDE\plugins\com.st.stm32cube.common.mx_6.9.2.202309101412\\db\/plugins/mcufinder/images/
2023-11-14 23:46:09,560 [WARN] DbFile:41 - Overriding database path with different value: C:\Users\Anamarija\.stmcufinder\plugins\mcufinder/ => C:\Users\Anamarija\.stmcufinder\plugins\mcufinder
2023-11-14 23:46:09,560 [INFO] ApiDb:250 - Set database path to: C:\Users\Anamarija\.stmcufinder\plugins\mcufinder//mcu/
2023-11-14 23:46:09,560 [WARN] DbFile:41 - Overriding database path with different value: C:\Users\Anamarija\.stmcufinder\plugins\mcufinder/ => C:\Users\Anamarija\.stmcufinder\plugins\mcufinder
2023-11-14 23:46:09,560 [INFO] DbMcusAds:125 - Set database path to: C:\Users\Anamarija\.stmcufinder\plugins\mcufinder//mcu/
2023-11-14 23:46:09,561 [WARN] DbFile:41 - Overriding database path with different value: C:\Users\Anamarija\.stmcufinder\plugins\mcufinder/ => C:\Users\Anamarija\.stmcufinder\plugins\mcufinder
2023-11-14 23:46:09,561 [WARN] DbFile:41 - Overriding database path with different value: C:\Users\Anamarija\.stmcufinder\plugins\mcufinder/ => C:\Users\Anamarija\.stmcufinder\plugins\mcufinder
2023-11-14 23:46:09,561 [INFO] CrossReferenceDbSqlite:203 - Set database path to: C:\Users\Anamarija\.stmcufinder\plugins\mcufinder//mcu/cs/
2023-11-14 23:46:09,738 [INFO] MainPanel:262 - HeapMemory: 268435456
2023-11-14 23:46:09,913 [INFO] DbMcusXml:78 - Set database path to: C:\ST\STM32CubeIDE_1.13.2\STM32CubeIDE\plugins\com.st.stm32cube.common.mx_6.9.2.202309101412\\db\/mcu/
2023-11-14 23:46:09,913 [INFO] ApiDb:274 - Set plugin database path to: C:\ST\STM32CubeIDE_1.13.2\STM32CubeIDE\plugins\com.st.stm32cube.common.mx_6.9.2.202309101412\\db\/plugins/boardmanager/
2023-11-14 23:46:09,914 [INFO] ApiDb:261 - Set plugin images path to: C:\ST\STM32CubeIDE_1.13.2\STM32CubeIDE\plugins\com.st.stm32cube.common.mx_6.9.2.202309101412\\db\/plugins/mcufinder/images/
2023-11-14 23:46:09,915 [WARN] DbFile:41 - Overriding database path with different value: C:\Users\Anamarija\.stmcufinder\plugins\mcufinder/ => C:\Users\Anamarija\.stmcufinder\plugins\mcufinder
2023-11-14 23:46:09,915 [INFO] ApiDb:250 - Set database path to: C:\Users\Anamarija\.stmcufinder\plugins\mcufinder//mcu/
2023-11-14 23:46:09,916 [WARN] DbFile:41 - Overriding database path with different value: C:\Users\Anamarija\.stmcufinder\plugins\mcufinder/ => C:\Users\Anamarija\.stmcufinder\plugins\mcufinder
2023-11-14 23:46:09,916 [INFO] DbMcusAds:125 - Set database path to: C:\Users\Anamarija\.stmcufinder\plugins\mcufinder//mcu/
2023-11-14 23:46:09,916 [WARN] DbFile:41 - Overriding database path with different value: C:\Users\Anamarija\.stmcufinder\plugins\mcufinder/ => C:\Users\Anamarija\.stmcufinder\plugins\mcufinder
2023-11-14 23:46:09,916 [WARN] DbFile:41 - Overriding database path with different value: C:\Users\Anamarija\.stmcufinder\plugins\mcufinder/ => C:\Users\Anamarija\.stmcufinder\plugins\mcufinder
2023-11-14 23:46:09,916 [INFO] CrossReferenceDbSqlite:203 - Set database path to: C:\Users\Anamarija\.stmcufinder\plugins\mcufinder//mcu/cs/
2023-11-14 23:46:09,954 [INFO] ApplicationProperties:184 - Using Application install path: C:\ST\STM32CubeIDE_1.13.2\STM32CubeIDE\plugins\com.st.stm32cube.common.mx_6.9.2.202309101412
2023-11-14 23:46:09,957 [INFO] PluginManage:196 - Search for loadable plugins [exclusion list=, ]
2023-11-14 23:46:09,959 [INFO] PluginManage:310 - Check plugin analytics
2023-11-14 23:46:10,330 [INFO] AnalyticsPlugin:253 - Accepted Software Licenses: 
2023-11-14 23:46:10,331 [INFO] AnalyticsPlugin:255 - Accepted CMSIS Pack Licenses: 
2023-11-14 23:46:10,332 [INFO] AnalyticsPlugin:257 - Accepted Firmware Licenses: FW.H7.1.11.0
2023-11-14 23:46:10,343 [INFO] PluginManage:359 - Loaded plugin analytics (category:tool,tabindex:-1)
2023-11-14 23:46:10,344 [INFO] PluginManage:310 - Check plugin cadmodel
2023-11-14 23:46:10,353 [INFO] CADModel:105 - Init CAD model plugin
2023-11-14 23:46:10,354 [INFO] PluginManage:359 - Loaded plugin cadmodel (category:power,tabindex:5)
2023-11-14 23:46:10,354 [INFO] PluginManage:310 - Check plugin clock
2023-11-14 23:46:10,374 [INFO] PluginManage:359 - Loaded plugin clock (category:base,tabindex:2)
2023-11-14 23:46:10,375 [INFO] PluginManage:310 - Check plugin ddr
2023-11-14 23:46:10,381 [INFO] PluginManage:359 - Loaded plugin ddr (category:tool,tabindex:6)
2023-11-14 23:46:10,381 [INFO] PluginManage:310 - Check plugin filemanager
2023-11-14 23:46:10,635 [INFO] PluginManage:359 - Loaded plugin filemanager (category:base,tabindex:10)
2023-11-14 23:46:10,635 [INFO] PluginManage:310 - Check plugin ipmanager
2023-11-14 23:46:10,647 [INFO] PluginManage:359 - Loaded plugin ipmanager (category:base,tabindex:5)
2023-11-14 23:46:10,647 [INFO] PluginManage:310 - Check plugin lpbam
2023-11-14 23:46:10,663 [INFO] PluginManage:359 - Loaded plugin lpbam (category:base,tabindex:0)
2023-11-14 23:46:10,663 [INFO] PluginManage:310 - Check plugin memorymap
2023-11-14 23:46:10,694 [INFO] PluginManage:359 - Loaded plugin memorymap (category:base,tabindex:4)
2023-11-14 23:46:10,694 [INFO] PluginManage:310 - Check plugin pinoutandconfiguration
2023-11-14 23:46:10,710 [INFO] PluginManage:359 - Loaded plugin pinoutandconfiguration (category:base,tabindex:1)
2023-11-14 23:46:10,711 [INFO] PluginManage:310 - Check plugin pinoutconfig
2023-11-14 23:46:10,874 [WARN] SupportedApi:132 - Cannot load RTOS API schema: s4s-elt-must-match.1: The content of 'definitions' must match (annotation?, (simpleType | complexType)?, (unique | key | keyref)*)). A problem was found starting at: attribute.
2023-11-14 23:46:11,161 [INFO] PluginManage:359 - Loaded plugin pinoutconfig (category:base,tabindex:0)
2023-11-14 23:46:11,162 [INFO] PluginManage:310 - Check plugin power
2023-11-14 23:46:11,181 [INFO] PluginManage:359 - Loaded plugin power (category:power,tabindex:4)
2023-11-14 23:46:11,182 [INFO] PluginManage:310 - Check plugin projectmanager
2023-11-14 23:46:11,212 [INFO] PluginManage:359 - Loaded plugin projectmanager (category:projectmanager,tabindex:3)
2023-11-14 23:46:11,213 [INFO] PluginManage:310 - Check plugin thirdparty
2023-11-14 23:46:11,484 [INFO] PluginManage:359 - Loaded plugin thirdparty (category:base,tabindex:-1)
2023-11-14 23:46:11,484 [WARN] IntegrityCheckThread:84 - waiting for thirdparty lock release [integrity check]
2023-11-14 23:46:11,484 [INFO] PluginManage:310 - Check plugin tools
2023-11-14 23:46:11,485 [INFO] IntegrityCheckThread:86 - entering critical section [integrity check]
2023-11-14 23:46:11,486 [INFO] ThirdPartyUpdaterWithRetryManager:70 - Updater plugin not ready yet. [1/15]
2023-11-14 23:46:11,490 [INFO] PluginManage:359 - Loaded plugin tools (category:base,tabindex:7)
2023-11-14 23:46:11,490 [INFO] PluginManage:310 - Check plugin tutovideos
2023-11-14 23:46:11,878 [INFO] PluginManage:359 - Loaded plugin tutovideos (category:base,tabindex:-1)
2023-11-14 23:46:11,878 [INFO] PluginManage:310 - Check plugin updater
2023-11-14 23:46:11,895 [INFO] PluginManage:359 - Loaded plugin updater (category:base,tabindex:12)
2023-11-14 23:46:11,896 [INFO] PluginManage:310 - Check plugin userauth
2023-11-14 23:46:11,906 [INFO] UserAuth:113 - Init User Auth plugin
2023-11-14 23:46:11,906 [INFO] PluginManage:359 - Loaded plugin userauth (category:base,tabindex:14)
2023-11-14 23:46:11,908 [INFO] PluginManage:283 - PluginManage : Loaded plugins [17]
2023-11-14 23:46:12,406 [INFO] PinOutPanel:1499 - setPackage(No Configuration,No Configuration)
2023-11-14 23:46:12,620 [INFO] CADModel:165 - CPN selected for project level
2023-11-14 23:46:12,620 [INFO] CADModel:114 - Register for checkConnection events
2023-11-14 23:46:12,643 [INFO] IPUIPlugin:80 - create IPUIPlugin
2023-11-14 23:46:12,643 [INFO] PluginManager:220 - loadIPPluginJar : add adc
2023-11-14 23:46:12,647 [INFO] IPUIPlugin:80 - create IPUIPlugin
2023-11-14 23:46:12,648 [INFO] PluginManager:220 - loadIPPluginJar : add aes
2023-11-14 23:46:12,652 [INFO] IPUIPlugin:80 - create IPUIPlugin
2023-11-14 23:46:12,652 [INFO] PluginManager:220 - loadIPPluginJar : add can
2023-11-14 23:46:12,655 [INFO] IPUIPlugin:80 - create IPUIPlugin
2023-11-14 23:46:12,656 [INFO] PluginManager:220 - loadIPPluginJar : add comp
2023-11-14 23:46:12,660 [INFO] IPUIPlugin:80 - create IPUIPlugin
2023-11-14 23:46:12,660 [INFO] PluginManager:220 - loadIPPluginJar : add cryp
2023-11-14 23:46:12,664 [INFO] IPUIPlugin:80 - create IPUIPlugin
2023-11-14 23:46:12,664 [INFO] PluginManager:220 - loadIPPluginJar : add dfsdm
2023-11-14 23:46:12,672 [INFO] IPUIPlugin:80 - create IPUIPlugin
2023-11-14 23:46:12,673 [INFO] PluginManager:220 - loadIPPluginJar : add dma
2023-11-14 23:46:12,678 [INFO] IPUIPlugin:80 - create IPUIPlugin
2023-11-14 23:46:12,678 [INFO] PluginManager:220 - loadIPPluginJar : add dma3
2023-11-14 23:46:12,682 [INFO] IPUIPlugin:80 - create IPUIPlugin
2023-11-14 23:46:12,682 [INFO] PluginManager:220 - loadIPPluginJar : add fatfs
2023-11-14 23:46:12,692 [INFO] IPUIPlugin:80 - create IPUIPlugin
2023-11-14 23:46:12,692 [INFO] PluginManager:220 - loadIPPluginJar : add fmc
2023-11-14 23:46:12,704 [INFO] IPUIPlugin:80 - create IPUIPlugin
2023-11-14 23:46:12,705 [INFO] PluginManager:220 - loadIPPluginJar : add freertos
2023-11-14 23:46:12,709 [INFO] IPUIPlugin:80 - create IPUIPlugin
2023-11-14 23:46:12,709 [INFO] PluginManager:220 - loadIPPluginJar : add genericplugin
2023-11-14 23:46:12,714 [INFO] IPUIPlugin:80 - create IPUIPlugin
2023-11-14 23:46:12,715 [INFO] PluginManager:220 - loadIPPluginJar : add gfxmmu
2023-11-14 23:46:12,726 [INFO] IPUIPlugin:80 - create IPUIPlugin
2023-11-14 23:46:12,726 [INFO] PluginManager:220 - loadIPPluginJar : add gic
2023-11-14 23:46:12,736 [INFO] IPUIPlugin:80 - create IPUIPlugin
2023-11-14 23:46:12,736 [INFO] PluginManager:220 - loadIPPluginJar : add gpio
2023-11-14 23:46:12,743 [INFO] IPUIPlugin:80 - create IPUIPlugin
2023-11-14 23:46:12,743 [INFO] PluginManager:220 - loadIPPluginJar : add gtzc
2023-11-14 23:46:12,749 [INFO] IPUIPlugin:80 - create IPUIPlugin
2023-11-14 23:46:12,750 [INFO] PluginManager:220 - loadIPPluginJar : add hash
2023-11-14 23:46:12,755 [INFO] IPUIPlugin:80 - create IPUIPlugin
2023-11-14 23:46:12,755 [INFO] PluginManager:220 - loadIPPluginJar : add i2c
2023-11-14 23:46:12,759 [INFO] IPUIPlugin:80 - create IPUIPlugin
2023-11-14 23:46:12,759 [INFO] PluginManager:220 - loadIPPluginJar : add i2s
2023-11-14 23:46:12,764 [INFO] IPUIPlugin:80 - create IPUIPlugin
2023-11-14 23:46:12,765 [INFO] PluginManager:220 - loadIPPluginJar : add i3c
2023-11-14 23:46:12,772 [INFO] IPUIPlugin:80 - create IPUIPlugin
2023-11-14 23:46:12,773 [INFO] PluginManager:220 - loadIPPluginJar : add ipddr
2023-11-14 23:46:12,783 [INFO] IPUIPlugin:80 - create IPUIPlugin
2023-11-14 23:46:12,783 [INFO] PluginManager:220 - loadIPPluginJar : add linkedlist
2023-11-14 23:46:12,788 [INFO] IPUIPlugin:80 - create IPUIPlugin
2023-11-14 23:46:12,789 [INFO] PluginManager:220 - loadIPPluginJar : add lorawan
2023-11-14 23:46:12,792 [INFO] IPUIPlugin:80 - create IPUIPlugin
2023-11-14 23:46:12,793 [INFO] PluginManager:220 - loadIPPluginJar : add ltdc
2023-11-14 23:46:12,803 [INFO] IPUIPlugin:80 - create IPUIPlugin
2023-11-14 23:46:12,804 [INFO] PluginManager:220 - loadIPPluginJar : add mdma
2023-11-14 23:46:12,810 [INFO] IPUIPlugin:80 - create IPUIPlugin
2023-11-14 23:46:12,810 [INFO] PluginManager:220 - loadIPPluginJar : add nvic
2023-11-14 23:46:12,866 [INFO] IPUIPlugin:80 - create IPUIPlugin
2023-11-14 23:46:12,867 [INFO] PluginManager:220 - loadIPPluginJar : add opamp
2023-11-14 23:46:12,872 [INFO] IPUIPlugin:80 - create IPUIPlugin
2023-11-14 23:46:12,872 [INFO] PluginManager:220 - loadIPPluginJar : add openamp
2023-11-14 23:46:12,879 [INFO] IPUIPlugin:80 - create IPUIPlugin
2023-11-14 23:46:12,879 [INFO] PluginManager:220 - loadIPPluginJar : add pdm2pcm
2023-11-14 23:46:12,890 [INFO] IPUIPlugin:80 - create IPUIPlugin
2023-11-14 23:46:12,894 [INFO] PluginManager:220 - loadIPPluginJar : add plateformsettings
2023-11-14 23:46:12,897 [INFO] IPUIPlugin:80 - create IPUIPlugin
2023-11-14 23:46:12,897 [INFO] PluginManager:220 - loadIPPluginJar : add quadspi
2023-11-14 23:46:12,902 [INFO] IPUIPlugin:80 - create IPUIPlugin
2023-11-14 23:46:12,903 [INFO] PluginManager:220 - loadIPPluginJar : add resmgrutility
2023-11-14 23:46:12,908 [INFO] IPUIPlugin:80 - create IPUIPlugin
2023-11-14 23:46:12,908 [INFO] PluginManager:220 - loadIPPluginJar : add sai
2023-11-14 23:46:12,914 [INFO] IPUIPlugin:80 - create IPUIPlugin
2023-11-14 23:46:12,914 [INFO] PluginManager:220 - loadIPPluginJar : add spi
2023-11-14 23:46:12,925 [INFO] IPUIPlugin:80 - create IPUIPlugin
2023-11-14 23:46:12,925 [INFO] PluginManager:220 - loadIPPluginJar : add stm32_wpan
2023-11-14 23:46:12,929 [INFO] IPUIPlugin:80 - create IPUIPlugin
2023-11-14 23:46:12,929 [INFO] PluginManager:220 - loadIPPluginJar : add tim
2023-11-14 23:46:12,934 [INFO] IPUIPlugin:80 - create IPUIPlugin
2023-11-14 23:46:12,934 [INFO] PluginManager:220 - loadIPPluginJar : add touchsensing
2023-11-14 23:46:12,937 [INFO] IPUIPlugin:80 - create IPUIPlugin
2023-11-14 23:46:12,937 [INFO] PluginManager:220 - loadIPPluginJar : add tracer_emb
2023-11-14 23:46:12,943 [INFO] IPUIPlugin:80 - create IPUIPlugin
2023-11-14 23:46:12,943 [INFO] PluginManager:220 - loadIPPluginJar : add ts
2023-11-14 23:46:12,946 [INFO] IPUIPlugin:80 - create IPUIPlugin
2023-11-14 23:46:12,946 [INFO] PluginManager:220 - loadIPPluginJar : add tsc
2023-11-14 23:46:12,950 [INFO] IPUIPlugin:80 - create IPUIPlugin
2023-11-14 23:46:12,950 [INFO] PluginManager:220 - loadIPPluginJar : add ucpd
2023-11-14 23:46:12,955 [INFO] IPUIPlugin:80 - create IPUIPlugin
2023-11-14 23:46:12,956 [INFO] PluginManager:220 - loadIPPluginJar : add usart
2023-11-14 23:46:12,961 [INFO] IPUIPlugin:80 - create IPUIPlugin
2023-11-14 23:46:12,961 [INFO] PluginManager:220 - loadIPPluginJar : add usbx
2023-11-14 23:46:13,137 [INFO] CADModel:165 - CPN selected for project level
2023-11-14 23:46:13,138 [INFO] CADModel:114 - Register for checkConnection events
2023-11-14 23:46:13,138 [FATAL] Updater:308 - Updater called before beeing initialized
2023-11-14 23:46:13,139 [ERROR] CADModel:125 - Updater not yet initialized, retry later 
2023-11-14 23:46:13,365 [INFO] CADModel:165 - CPN selected for project level
2023-11-14 23:46:13,365 [INFO] CADModel:114 - Register for checkConnection events
2023-11-14 23:46:13,365 [FATAL] Updater:308 - Updater called before beeing initialized
2023-11-14 23:46:13,365 [ERROR] CADModel:125 - Updater not yet initialized, retry later 
2023-11-14 23:46:13,372 [FATAL] Updater:308 - Updater called before beeing initialized
2023-11-14 23:46:13,559 [FATAL] Updater:308 - Updater called before beeing initialized
2023-11-14 23:46:13,566 [INFO] DbMcusAds:53 - JSON generation date=Tue Mar 07 09:50:55 CET 2023 (1678179055335)
2023-11-14 23:46:13,566 [FATAL] Updater:308 - Updater called before beeing initialized
2023-11-14 23:46:13,619 [WARN] DetailPanel:346 - Failed to get advertising image, set to default
2023-11-14 23:46:13,763 [FATAL] Updater:308 - Updater called before beeing initialized
2023-11-14 23:46:13,766 [FATAL] Updater:308 - Updater called before beeing initialized
2023-11-14 23:46:13,766 [FATAL] Updater:308 - Updater called before beeing initialized
2023-11-14 23:46:13,767 [WARN] DetailPanel:346 - Failed to get advertising image, set to default
2023-11-14 23:46:13,768 [FATAL] Updater:308 - Updater called before beeing initialized
2023-11-14 23:46:13,844 [ERROR] Updater:1120 - MainUpdater not yet initialized. External WinMGr cannot be set.
2023-11-14 23:46:13,847 [INFO] Updater:1056 - Updater Version found : 6.9.2
2023-11-14 23:46:13,871 [INFO] ApplicationProperties:184 - Using Application install path: C:\ST\STM32CubeIDE_1.13.2\STM32CubeIDE\plugins\com.st.stm32cube.common.mx_6.9.2.202309101412
2023-11-14 23:46:14,146 [INFO] MainUpdater:2868 - connection check result : 10
2023-11-14 23:46:14,150 [INFO] MainUpdater:285 - Updater Check For Update Now.
2023-11-14 23:46:14,151 [INFO] MicroXplorer:498 - Change Database Version : DB.6.0.92
2023-11-14 23:46:14,176 [INFO] McuFinderGlobals:63 - Set McuFinder mode to 2 (CubeIDE integrated)
2023-11-14 23:46:14,484 [INFO] CheckServerUpdateThread:120 - End of CheckServer Thread
2023-11-14 23:46:14,992 [WARN] PackLoader:240 - Cannot read IP mode file for STMicroelectronics.X-CUBE-SMBUS.2.1.0
2023-11-14 23:46:15,071 [WARN] PackLoader:240 - Cannot read IP mode file for STMicroelectronics.X-CUBE-AZRTOS-F7.1.1.0
2023-11-14 23:46:15,097 [WARN] PackLoader:240 - Cannot read IP mode file for STMicroelectronics.FP-SNS-MOTENV1.4.3.2
2023-11-14 23:46:15,124 [WARN] PackLoader:240 - Cannot read IP mode file for STMicroelectronics.FP-SNS-FLIGHT1.5.0.2
2023-11-14 23:46:15,143 [WARN] PackLoader:240 - Cannot read IP mode file for STMicroelectronics.X-CUBE-DISPLAY.3.0.0
2023-11-14 23:46:15,178 [WARN] PackLoader:240 - Cannot read IP mode file for STMicroelectronics.X-CUBE-BLE1.7.0.0
2023-11-14 23:46:15,202 [WARN] PackLoader:240 - Cannot read IP mode file for emotas.I-CUBE-CANOPEN.1.3.0
2023-11-14 23:46:15,213 [WARN] PackLoader:240 - Cannot read IP mode file for STMicroelectronics.X-CUBE-TOUCHGFX.4.22.1
2023-11-14 23:46:15,226 [WARN] PackLoader:240 - Cannot read IP mode file for STMicroelectronics.FP-SNS-SMARTAG2.1.2.0
2023-11-14 23:46:15,262 [INFO] LogOutputStream:77 - [STDOUT_REDIRECT] 1 : Invalid condition id : UX_CORESTACK_Condition cause : null
2023-11-14 23:46:15,263 [INFO] LogOutputStream:77 - [STDOUT_REDIRECT] 1 : Invalid condition id : UX_CORESTACK_Condition cause : null
2023-11-14 23:46:15,267 [INFO] LogOutputStream:77 - [STDOUT_REDIRECT] 1 : Invalid condition id : UX_CORESTACK_Condition cause : null
2023-11-14 23:46:15,270 [INFO] LogOutputStream:77 - [STDOUT_REDIRECT] 1 : Invalid condition id : UX_CORESTACK_Condition cause : null
2023-11-14 23:46:15,272 [INFO] LogOutputStream:77 - [STDOUT_REDIRECT] 1 : Invalid condition id : UX_CORESTACK_Condition cause : null
2023-11-14 23:46:15,285 [WARN] PackLoader:240 - Cannot read IP mode file for STMicroelectronics.X-CUBE-AZRTOS-WL.2.0.0
2023-11-14 23:46:15,307 [WARN] PackLoader:240 - Cannot read IP mode file for WES.I-CUBE-Cesium.1.3.0
2023-11-14 23:46:15,322 [WARN] PackLoader:240 - Cannot read IP mode file for STMicroelectronics.X-CUBE-BLE2.3.3.0
2023-11-14 23:46:15,341 [WARN] PackLoader:240 - Cannot read IP mode file for STMicroelectronics.X-CUBE-ALGOBUILD.1.3.0
2023-11-14 23:46:15,400 [WARN] PackLoader:240 - Cannot read IP mode file for STMicroelectronics.X-CUBE-AZRTOS-G0.1.1.0
2023-11-14 23:46:15,417 [WARN] PackLoader:240 - Cannot read IP mode file for STMicroelectronics.X-CUBE-NFC4.3.0.0
2023-11-14 23:46:15,442 [WARN] PackLoader:240 - Cannot read IP mode file for STMicroelectronics.X-CUBE-BLEMGR.3.0.0
2023-11-14 23:46:15,455 [WARN] PackLoader:240 - Cannot read IP mode file for STMicroelectronics.FP-ATR-SIGFOX1.3.2.0
2023-11-14 23:46:15,607 [WARN] PackLoader:240 - Cannot read IP mode file for SEGGER.I-CUBE-embOS.1.3.1
2023-11-14 23:46:15,711 [WARN] PackLoader:240 - Cannot read IP mode file for STMicroelectronics.X-CUBE-GNSS1.6.0.0
2023-11-14 23:46:15,767 [WARN] PackLoader:240 - Cannot read IP mode file for STMicroelectronics.X-CUBE-AZRTOS-F4.1.1.0
2023-11-14 23:46:15,782 [WARN] PackLoader:240 - Cannot read IP mode file for wolfSSL.I-CUBE-wolfSSL.5.6.3
2023-11-14 23:46:15,821 [WARN] PackLoader:240 - Cannot read IP mode file for STMicroelectronics.X-CUBE-AZRTOS-L5.2.0.0
2023-11-14 23:46:15,939 [WARN] PackLoader:240 - Cannot read IP mode file for STMicroelectronics.X-CUBE-MEMS1.9.6.0
2023-11-14 23:46:16,369 [WARN] PackLoader:240 - Cannot read IP mode file for STMicroelectronics.X-CUBE-EEPRMA1.4.2.0
2023-11-14 23:46:16,382 [WARN] PackLoader:240 - Cannot read IP mode file for ITTIA_DB.I-CUBE-ITTIADB.8.8.0
2023-11-14 23:46:16,400 [WARN] PackLoader:240 - Cannot read IP mode file for STMicroelectronics.X-CUBE-BLEMGR.2.0.0
2023-11-14 23:46:16,448 [WARN] ConditionMgr:438 - getConditionDescription Invalid condition id : UX DEVICE CLASS RTOS Condition cause : null
2023-11-14 23:46:16,449 [WARN] ConditionMgr:438 - getConditionDescription Invalid condition id : UX DEVICE CLASS RTOS Condition cause : null
2023-11-14 23:46:16,474 [WARN] PackLoader:240 - Cannot read IP mode file for STMicroelectronics.X-CUBE-AZRTOS-H7.3.1.0
2023-11-14 23:46:16,478 [WARN] ConditionMgr:1039 - genDependencies : Invalid condition id : UX DEVICE CLASS RTOS Condition cause : null
2023-11-14 23:46:16,478 [WARN] ConditionMgr:1039 - genDependencies : Invalid condition id : UX DEVICE CLASS RTOS Condition cause : null
2023-11-14 23:46:16,481 [WARN] ConditionMgr:1039 - genDependencies : Invalid condition id : UX DEVICE CLASS RTOS Condition cause : null
2023-11-14 23:46:16,482 [WARN] ConditionMgr:1039 - genDependencies : Invalid condition id : UX DEVICE CLASS RTOS Condition cause : null
2023-11-14 23:46:16,483 [WARN] ConditionMgr:1039 - genDependencies : Invalid condition id : UX DEVICE CLASS RTOS Condition cause : null
2023-11-14 23:46:16,499 [WARN] PackLoader:240 - Cannot read IP mode file for STMicroelectronics.X-CUBE-NFC7.1.0.1
2023-11-14 23:46:16,520 [WARN] PackLoader:240 - Cannot read IP mode file for STMicroelectronics.X-CUBE-NFC6.3.0.0
2023-11-14 23:46:16,539 [WARN] PackLoader:240 - Cannot read IP mode file for STMicroelectronics.X-CUBE-EEPRMA1.4.1.0
2023-11-14 23:46:16,555 [WARN] PackLoader:240 - Cannot read IP mode file for STMicroelectronics.X-CUBE-AI.8.1.0
2023-11-14 23:46:16,597 [WARN] ConditionMgr:438 - getConditionDescription Invalid condition id : LAN8742 Phy interface Condition cause : null
2023-11-14 23:46:16,618 [WARN] PackLoader:240 - Cannot read IP mode file for STMicroelectronics.X-CUBE-AZRTOS-L4.2.0.0
2023-11-14 23:46:16,622 [WARN] ConditionMgr:1039 - genDependencies : Invalid condition id : LAN8742 Phy interface Condition cause : null
2023-11-14 23:46:16,622 [WARN] ConditionMgr:1039 - genDependencies : Invalid condition id : LAN8742 Phy interface Condition cause : null
2023-11-14 23:46:16,624 [WARN] ConditionMgr:1039 - genDependencies : Invalid condition id : LAN8742 Phy interface Condition cause : null
2023-11-14 23:46:16,643 [WARN] PackLoader:240 - Cannot read IP mode file for STMicroelectronics.X-CUBE-SFXS2LP1.4.0.0
2023-11-14 23:46:16,654 [WARN] PackLoader:240 - Cannot read IP mode file for STMicroelectronics.X-CUBE-ISPU.1.1.0
2023-11-14 23:46:16,686 [WARN] ConditionMgr:438 - getConditionDescription Invalid condition id : UX DEVICE CLASS RTOS Condition cause : null
2023-11-14 23:46:16,687 [WARN] ConditionMgr:438 - getConditionDescription Invalid condition id : UX DEVICE CLASS RTOS Condition cause : null
2023-11-14 23:46:16,694 [WARN] PackLoader:240 - Cannot read IP mode file for STMicroelectronics.X-CUBE-AZRTOS-WB.2.0.0
2023-11-14 23:46:16,696 [WARN] ConditionMgr:1039 - genDependencies : Invalid condition id : UX DEVICE CLASS RTOS Condition cause : null
2023-11-14 23:46:16,696 [WARN] ConditionMgr:1039 - genDependencies : Invalid condition id : UX DEVICE CLASS RTOS Condition cause : null
2023-11-14 23:46:16,697 [WARN] ConditionMgr:1039 - genDependencies : Invalid condition id : UX DEVICE CLASS RTOS Condition cause : null
2023-11-14 23:46:16,698 [WARN] ConditionMgr:1039 - genDependencies : Invalid condition id : UX DEVICE CLASS RTOS Condition cause : null
2023-11-14 23:46:16,699 [WARN] ConditionMgr:1039 - genDependencies : Invalid condition id : UX DEVICE CLASS RTOS Condition cause : null
2023-11-14 23:46:16,724 [WARN] PackLoader:240 - Cannot read IP mode file for STMicroelectronics.X-CUBE-SUBG2.5.0.0
2023-11-14 23:46:16,756 [WARN] PackLoader:240 - Cannot read IP mode file for STMicroelectronics.X-CUBE-TOF1.3.3.1
2023-11-14 23:46:16,809 [WARN] PackLoader:240 - Cannot read IP mode file for STMicroelectronics.X-CUBE-AZRTOS-G4.2.0.0
2023-11-14 23:46:16,845 [WARN] PackLoader:240 - Cannot read IP mode file for Infineon.AIROC-Wi-Fi-Bluetooth-STM32.1.5.1
2023-11-14 23:46:16,860 [WARN] PackLoader:240 - Cannot read IP mode file for STMicroelectronics.FP-SNS-MOTENVWB1.1.3.0
2023-11-14 23:46:16,940 [WARN] PackLoader:240 - Cannot read IP mode file for STMicroelectronics.X-CUBE-MEMS1.10.0.0
2023-11-14 23:46:17,214 [WARN] PackLoader:240 - Cannot read IP mode file for STMicroelectronics.X-CUBE-FREERTOS.1.1.0
2023-11-14 23:46:17,224 [WARN] PackLoader:240 - Cannot read IP mode file for portGmbH.I-Cube-SoM-uGOAL.1.1.0
2023-11-14 23:46:17,232 [WARN] PackLoader:240 - Cannot read IP mode file for STMicroelectronics.X-CUBE-ALS.1.0.1
2023-11-14 23:46:17,239 [WARN] PackLoader:240 - Cannot read IP mode file for STMicroelectronics.FP-ATR-ASTRA1.2.0.0
2023-11-14 23:46:17,240 [INFO] ThirdParty:978 - Integrity check success = true
2023-11-14 23:46:17,241 [INFO] IntegrityCheckThread:100 - exiting critical section [integrity check]
2023-11-14 23:46:17,241 [INFO] IntegrityCheckThread:103 - End integrity checks thread
2023-11-14 23:46:36,003 [ERROR] LogOutputStream:75 - [STDERR_REDIRECT] SLF4J: Failed to load class "org.slf4j.impl.StaticLoggerBinder".
2023-11-14 23:46:36,004 [ERROR] LogOutputStream:75 - [STDERR_REDIRECT] SLF4J: Defaulting to no-operation (NOP) logger implementation
2023-11-14 23:46:36,006 [ERROR] LogOutputStream:75 - [STDERR_REDIRECT] SLF4J: See http://www.slf4j.org/codes.html#StaticLoggerBinder for further details.
2023-11-14 23:46:40,067 [INFO] LogOutputStream:77 - [STDOUT_REDIRECT] Exception in update check thread
2023-11-14 23:46:40,072 [ERROR] LogOutputStream:75 - [STDERR_REDIRECT] java.lang.IllegalStateException: bundle org.eclipse.equinox.p2.repositoryis not started
2023-11-14 23:46:40,075 [ERROR] LogOutputStream:75 - [STDERR_REDIRECT] 	at org.eclipse.equinox.internal.p2.repository.Activator.getContext(Activator.java:65)
2023-11-14 23:46:40,081 [ERROR] LogOutputStream:75 - [STDERR_REDIRECT] 	at org.eclipse.equinox.internal.p2.repository.helpers.AbstractRepositoryManager.restoreFromSystemProperty(AbstractRepositoryManager.java:1013)
2023-11-14 23:46:40,086 [ERROR] LogOutputStream:75 - [STDERR_REDIRECT] 	at org.eclipse.equinox.internal.p2.repository.helpers.AbstractRepositoryManager.restoreRepositories(AbstractRepositoryManager.java:1033)
2023-11-14 23:46:40,090 [ERROR] LogOutputStream:75 - [STDERR_REDIRECT] 	at org.eclipse.equinox.internal.p2.repository.helpers.AbstractRepositoryManager.sortSuffixes(AbstractRepositoryManager.java:1112)
2023-11-14 23:46:40,095 [ERROR] LogOutputStream:75 - [STDERR_REDIRECT] 	at org.eclipse.equinox.internal.p2.repository.helpers.AbstractRepositoryManager.loadRepository(AbstractRepositoryManager.java:676)
2023-11-14 23:46:40,100 [ERROR] LogOutputStream:75 - [STDERR_REDIRECT] 	at org.eclipse.equinox.internal.p2.metadata.repository.MetadataRepositoryManager.loadRepository(MetadataRepositoryManager.java:110)
2023-11-14 23:46:40,125 [ERROR] LogOutputStream:75 - [STDERR_REDIRECT] 	at org.eclipse.equinox.internal.p2.metadata.repository.MetadataRepositoryManager.loadRepository(MetadataRepositoryManager.java:105)
2023-11-14 23:46:40,129 [ERROR] LogOutputStream:75 - [STDERR_REDIRECT] 	at org.eclipse.equinox.internal.p2.updatechecker.UpdateChecker.getAvailableRepositories(UpdateChecker.java:152)
2023-11-14 23:46:40,133 [ERROR] LogOutputStream:75 - [STDERR_REDIRECT] 	at org.eclipse.equinox.internal.p2.updatechecker.UpdateChecker.checkForUpdates(UpdateChecker.java:130)
2023-11-14 23:46:40,146 [ERROR] LogOutputStream:75 - [STDERR_REDIRECT] 	at org.eclipse.equinox.internal.p2.updatechecker.UpdateChecker$UpdateCheckThread.run(UpdateChecker.java:78)
2023-11-14 23:47:50,268 [INFO] Activator:176 - 


2023-11-14 23:47:50,273 [INFO] Activator:177 - !SESSION log4j initialized
2023-11-14 23:47:55,552 [INFO] LogOutputStream:77 - [STDOUT_REDIRECT] 
2023-11-14 23:47:58,769 [INFO] ApplicationProperties:184 - Using Application install path: C:\ST\STM32CubeIDE_1.13.2\STM32CubeIDE\plugins\com.st.stm32cube.common.mx_6.9.2.202309101412
2023-11-14 23:47:58,806 [INFO] DbMcusXml:78 - Set database path to: C:\ST\STM32CubeIDE_1.13.2\STM32CubeIDE\plugins\com.st.stm32cube.common.mx_6.9.2.202309101412\\db\/mcu/
2023-11-14 23:47:58,807 [INFO] ApiDb:274 - Set plugin database path to: C:\ST\STM32CubeIDE_1.13.2\STM32CubeIDE\plugins\com.st.stm32cube.common.mx_6.9.2.202309101412\\db\/plugins/boardmanager/
2023-11-14 23:47:58,807 [WARN] ApiDb:259 - Overriding images path with different value:  => C:\ST\STM32CubeIDE_1.13.2\STM32CubeIDE\plugins\com.st.stm32cube.common.mx_6.9.2.202309101412\\db\/plugins/mcufinder/images/
2023-11-14 23:47:58,822 [INFO] ApiDb:250 - Set database path to: C:\Users\Anamarija\.stmcufinder\plugins\mcufinder//mcu/
2023-11-14 23:47:58,824 [INFO] DbMcusAds:125 - Set database path to: C:\Users\Anamarija\.stmcufinder\plugins\mcufinder//mcu/
2023-11-14 23:47:58,829 [INFO] CrossReferenceDbSqlite:203 - Set database path to: C:\Users\Anamarija\.stmcufinder\plugins\mcufinder//mcu/cs/
2023-11-14 23:47:59,041 [INFO] RulesReader:64 - Compatibility file has been processed (293 Rules)
2023-11-14 23:48:01,510 [INFO] DbMcusXml:78 - Set database path to: C:\ST\STM32CubeIDE_1.13.2\STM32CubeIDE\plugins\com.st.stm32cube.common.mx_6.9.2.202309101412\\db\/mcu/
2023-11-14 23:48:01,510 [INFO] ApiDb:274 - Set plugin database path to: C:\ST\STM32CubeIDE_1.13.2\STM32CubeIDE\plugins\com.st.stm32cube.common.mx_6.9.2.202309101412\\db\/plugins/boardmanager/
2023-11-14 23:48:01,511 [INFO] ApiDb:261 - Set plugin images path to: C:\ST\STM32CubeIDE_1.13.2\STM32CubeIDE\plugins\com.st.stm32cube.common.mx_6.9.2.202309101412\\db\/plugins/mcufinder/images/
2023-11-14 23:48:01,511 [WARN] DbFile:41 - Overriding database path with different value: C:\Users\Anamarija\.stmcufinder\plugins\mcufinder/ => C:\Users\Anamarija\.stmcufinder\plugins\mcufinder
2023-11-14 23:48:01,512 [INFO] ApiDb:250 - Set database path to: C:\Users\Anamarija\.stmcufinder\plugins\mcufinder//mcu/
2023-11-14 23:48:01,512 [WARN] DbFile:41 - Overriding database path with different value: C:\Users\Anamarija\.stmcufinder\plugins\mcufinder/ => C:\Users\Anamarija\.stmcufinder\plugins\mcufinder
2023-11-14 23:48:01,512 [INFO] DbMcusAds:125 - Set database path to: C:\Users\Anamarija\.stmcufinder\plugins\mcufinder//mcu/
2023-11-14 23:48:01,512 [WARN] DbFile:41 - Overriding database path with different value: C:\Users\Anamarija\.stmcufinder\plugins\mcufinder/ => C:\Users\Anamarija\.stmcufinder\plugins\mcufinder
2023-11-14 23:48:01,513 [WARN] DbFile:41 - Overriding database path with different value: C:\Users\Anamarija\.stmcufinder\plugins\mcufinder/ => C:\Users\Anamarija\.stmcufinder\plugins\mcufinder
2023-11-14 23:48:01,513 [INFO] CrossReferenceDbSqlite:203 - Set database path to: C:\Users\Anamarija\.stmcufinder\plugins\mcufinder//mcu/cs/
2023-11-14 23:48:01,655 [INFO] MainPanel:262 - HeapMemory: 268435456
2023-11-14 23:48:01,785 [INFO] DbMcusXml:78 - Set database path to: C:\ST\STM32CubeIDE_1.13.2\STM32CubeIDE\plugins\com.st.stm32cube.common.mx_6.9.2.202309101412\\db\/mcu/
2023-11-14 23:48:01,786 [INFO] ApiDb:274 - Set plugin database path to: C:\ST\STM32CubeIDE_1.13.2\STM32CubeIDE\plugins\com.st.stm32cube.common.mx_6.9.2.202309101412\\db\/plugins/boardmanager/
2023-11-14 23:48:01,786 [INFO] ApiDb:261 - Set plugin images path to: C:\ST\STM32CubeIDE_1.13.2\STM32CubeIDE\plugins\com.st.stm32cube.common.mx_6.9.2.202309101412\\db\/plugins/mcufinder/images/
2023-11-14 23:48:01,787 [WARN] DbFile:41 - Overriding database path with different value: C:\Users\Anamarija\.stmcufinder\plugins\mcufinder/ => C:\Users\Anamarija\.stmcufinder\plugins\mcufinder
2023-11-14 23:48:01,787 [INFO] ApiDb:250 - Set database path to: C:\Users\Anamarija\.stmcufinder\plugins\mcufinder//mcu/
2023-11-14 23:48:01,787 [WARN] DbFile:41 - Overriding database path with different value: C:\Users\Anamarija\.stmcufinder\plugins\mcufinder/ => C:\Users\Anamarija\.stmcufinder\plugins\mcufinder
2023-11-14 23:48:01,787 [INFO] DbMcusAds:125 - Set database path to: C:\Users\Anamarija\.stmcufinder\plugins\mcufinder//mcu/
2023-11-14 23:48:01,787 [WARN] DbFile:41 - Overriding database path with different value: C:\Users\Anamarija\.stmcufinder\plugins\mcufinder/ => C:\Users\Anamarija\.stmcufinder\plugins\mcufinder
2023-11-14 23:48:01,787 [WARN] DbFile:41 - Overriding database path with different value: C:\Users\Anamarija\.stmcufinder\plugins\mcufinder/ => C:\Users\Anamarija\.stmcufinder\plugins\mcufinder
2023-11-14 23:48:01,787 [INFO] CrossReferenceDbSqlite:203 - Set database path to: C:\Users\Anamarija\.stmcufinder\plugins\mcufinder//mcu/cs/
2023-11-14 23:48:01,819 [INFO] ApplicationProperties:184 - Using Application install path: C:\ST\STM32CubeIDE_1.13.2\STM32CubeIDE\plugins\com.st.stm32cube.common.mx_6.9.2.202309101412
2023-11-14 23:48:01,822 [INFO] PluginManage:196 - Search for loadable plugins [exclusion list=, ]
2023-11-14 23:48:01,825 [INFO] PluginManage:310 - Check plugin analytics
2023-11-14 23:48:02,176 [INFO] AnalyticsPlugin:253 - Accepted Software Licenses: 
2023-11-14 23:48:02,176 [INFO] AnalyticsPlugin:255 - Accepted CMSIS Pack Licenses: 
2023-11-14 23:48:02,177 [INFO] AnalyticsPlugin:257 - Accepted Firmware Licenses: FW.H7.1.11.0
2023-11-14 23:48:02,183 [INFO] PluginManage:359 - Loaded plugin analytics (category:tool,tabindex:-1)
2023-11-14 23:48:02,184 [INFO] PluginManage:310 - Check plugin cadmodel
2023-11-14 23:48:02,194 [INFO] CADModel:105 - Init CAD model plugin
2023-11-14 23:48:02,194 [INFO] PluginManage:359 - Loaded plugin cadmodel (category:power,tabindex:5)
2023-11-14 23:48:02,194 [INFO] PluginManage:310 - Check plugin clock
2023-11-14 23:48:02,212 [INFO] PluginManage:359 - Loaded plugin clock (category:base,tabindex:2)
2023-11-14 23:48:02,213 [INFO] PluginManage:310 - Check plugin ddr
2023-11-14 23:48:02,219 [INFO] PluginManage:359 - Loaded plugin ddr (category:tool,tabindex:6)
2023-11-14 23:48:02,219 [INFO] PluginManage:310 - Check plugin filemanager
2023-11-14 23:48:02,443 [INFO] PluginManage:359 - Loaded plugin filemanager (category:base,tabindex:10)
2023-11-14 23:48:02,443 [INFO] PluginManage:310 - Check plugin ipmanager
2023-11-14 23:48:02,454 [INFO] PluginManage:359 - Loaded plugin ipmanager (category:base,tabindex:5)
2023-11-14 23:48:02,455 [INFO] PluginManage:310 - Check plugin lpbam
2023-11-14 23:48:02,472 [INFO] PluginManage:359 - Loaded plugin lpbam (category:base,tabindex:0)
2023-11-14 23:48:02,472 [INFO] PluginManage:310 - Check plugin memorymap
2023-11-14 23:48:02,487 [INFO] PluginManage:359 - Loaded plugin memorymap (category:base,tabindex:4)
2023-11-14 23:48:02,488 [INFO] PluginManage:310 - Check plugin pinoutandconfiguration
2023-11-14 23:48:02,498 [INFO] PluginManage:359 - Loaded plugin pinoutandconfiguration (category:base,tabindex:1)
2023-11-14 23:48:02,498 [INFO] PluginManage:310 - Check plugin pinoutconfig
2023-11-14 23:48:02,690 [WARN] SupportedApi:132 - Cannot load RTOS API schema: s4s-elt-must-match.1: The content of 'definitions' must match (annotation?, (simpleType | complexType)?, (unique | key | keyref)*)). A problem was found starting at: attribute.
2023-11-14 23:48:03,112 [INFO] PluginManage:359 - Loaded plugin pinoutconfig (category:base,tabindex:0)
2023-11-14 23:48:03,112 [INFO] PluginManage:310 - Check plugin power
2023-11-14 23:48:03,139 [INFO] PluginManage:359 - Loaded plugin power (category:power,tabindex:4)
2023-11-14 23:48:03,139 [INFO] PluginManage:310 - Check plugin projectmanager
2023-11-14 23:48:03,180 [INFO] PluginManage:359 - Loaded plugin projectmanager (category:projectmanager,tabindex:3)
2023-11-14 23:48:03,182 [INFO] PluginManage:310 - Check plugin thirdparty
2023-11-14 23:48:03,446 [INFO] PluginManage:359 - Loaded plugin thirdparty (category:base,tabindex:-1)
2023-11-14 23:48:03,446 [INFO] PluginManage:310 - Check plugin tools
2023-11-14 23:48:03,447 [WARN] IntegrityCheckThread:84 - waiting for thirdparty lock release [integrity check]
2023-11-14 23:48:03,448 [INFO] IntegrityCheckThread:86 - entering critical section [integrity check]
2023-11-14 23:48:03,450 [INFO] ThirdPartyUpdaterWithRetryManager:70 - Updater plugin not ready yet. [1/15]
2023-11-14 23:48:03,452 [INFO] PluginManage:359 - Loaded plugin tools (category:base,tabindex:7)
2023-11-14 23:48:03,452 [INFO] PluginManage:310 - Check plugin tutovideos
2023-11-14 23:48:03,834 [INFO] PluginManage:359 - Loaded plugin tutovideos (category:base,tabindex:-1)
2023-11-14 23:48:03,834 [INFO] PluginManage:310 - Check plugin updater
2023-11-14 23:48:03,852 [INFO] PluginManage:359 - Loaded plugin updater (category:base,tabindex:12)
2023-11-14 23:48:03,853 [INFO] PluginManage:310 - Check plugin userauth
2023-11-14 23:48:03,861 [INFO] UserAuth:113 - Init User Auth plugin
2023-11-14 23:48:03,861 [INFO] PluginManage:359 - Loaded plugin userauth (category:base,tabindex:14)
2023-11-14 23:48:03,863 [INFO] PluginManage:283 - PluginManage : Loaded plugins [17]
2023-11-14 23:48:04,237 [INFO] PinOutPanel:1499 - setPackage(No Configuration,No Configuration)
2023-11-14 23:48:04,432 [INFO] CADModel:165 - CPN selected for project level
2023-11-14 23:48:04,432 [INFO] CADModel:114 - Register for checkConnection events
2023-11-14 23:48:04,457 [INFO] IPUIPlugin:80 - create IPUIPlugin
2023-11-14 23:48:04,457 [INFO] PluginManager:220 - loadIPPluginJar : add adc
2023-11-14 23:48:04,460 [INFO] IPUIPlugin:80 - create IPUIPlugin
2023-11-14 23:48:04,461 [INFO] PluginManager:220 - loadIPPluginJar : add aes
2023-11-14 23:48:04,465 [INFO] IPUIPlugin:80 - create IPUIPlugin
2023-11-14 23:48:04,465 [INFO] PluginManager:220 - loadIPPluginJar : add can
2023-11-14 23:48:04,467 [INFO] IPUIPlugin:80 - create IPUIPlugin
2023-11-14 23:48:04,468 [INFO] PluginManager:220 - loadIPPluginJar : add comp
2023-11-14 23:48:04,472 [INFO] IPUIPlugin:80 - create IPUIPlugin
2023-11-14 23:48:04,472 [INFO] PluginManager:220 - loadIPPluginJar : add cryp
2023-11-14 23:48:04,475 [INFO] IPUIPlugin:80 - create IPUIPlugin
2023-11-14 23:48:04,476 [INFO] PluginManager:220 - loadIPPluginJar : add dfsdm
2023-11-14 23:48:04,485 [INFO] IPUIPlugin:80 - create IPUIPlugin
2023-11-14 23:48:04,486 [INFO] PluginManager:220 - loadIPPluginJar : add dma
2023-11-14 23:48:04,492 [INFO] IPUIPlugin:80 - create IPUIPlugin
2023-11-14 23:48:04,494 [INFO] PluginManager:220 - loadIPPluginJar : add dma3
2023-11-14 23:48:04,497 [INFO] IPUIPlugin:80 - create IPUIPlugin
2023-11-14 23:48:04,498 [INFO] PluginManager:220 - loadIPPluginJar : add fatfs
2023-11-14 23:48:04,507 [INFO] IPUIPlugin:80 - create IPUIPlugin
2023-11-14 23:48:04,508 [INFO] PluginManager:220 - loadIPPluginJar : add fmc
2023-11-14 23:48:04,518 [INFO] IPUIPlugin:80 - create IPUIPlugin
2023-11-14 23:48:04,519 [INFO] PluginManager:220 - loadIPPluginJar : add freertos
2023-11-14 23:48:04,521 [INFO] IPUIPlugin:80 - create IPUIPlugin
2023-11-14 23:48:04,522 [INFO] PluginManager:220 - loadIPPluginJar : add genericplugin
2023-11-14 23:48:04,526 [INFO] IPUIPlugin:80 - create IPUIPlugin
2023-11-14 23:48:04,526 [INFO] PluginManager:220 - loadIPPluginJar : add gfxmmu
2023-11-14 23:48:04,535 [INFO] IPUIPlugin:80 - create IPUIPlugin
2023-11-14 23:48:04,535 [INFO] PluginManager:220 - loadIPPluginJar : add gic
2023-11-14 23:48:04,543 [INFO] IPUIPlugin:80 - create IPUIPlugin
2023-11-14 23:48:04,543 [INFO] PluginManager:220 - loadIPPluginJar : add gpio
2023-11-14 23:48:04,547 [INFO] IPUIPlugin:80 - create IPUIPlugin
2023-11-14 23:48:04,547 [INFO] PluginManager:220 - loadIPPluginJar : add gtzc
2023-11-14 23:48:04,553 [INFO] IPUIPlugin:80 - create IPUIPlugin
2023-11-14 23:48:04,553 [INFO] PluginManager:220 - loadIPPluginJar : add hash
2023-11-14 23:48:04,559 [INFO] IPUIPlugin:80 - create IPUIPlugin
2023-11-14 23:48:04,559 [INFO] PluginManager:220 - loadIPPluginJar : add i2c
2023-11-14 23:48:04,565 [INFO] IPUIPlugin:80 - create IPUIPlugin
2023-11-14 23:48:04,565 [INFO] PluginManager:220 - loadIPPluginJar : add i2s
2023-11-14 23:48:04,571 [INFO] IPUIPlugin:80 - create IPUIPlugin
2023-11-14 23:48:04,572 [INFO] PluginManager:220 - loadIPPluginJar : add i3c
2023-11-14 23:48:04,586 [INFO] IPUIPlugin:80 - create IPUIPlugin
2023-11-14 23:48:04,587 [INFO] PluginManager:220 - loadIPPluginJar : add ipddr
2023-11-14 23:48:04,604 [INFO] IPUIPlugin:80 - create IPUIPlugin
2023-11-14 23:48:04,605 [INFO] PluginManager:220 - loadIPPluginJar : add linkedlist
2023-11-14 23:48:04,613 [INFO] IPUIPlugin:80 - create IPUIPlugin
2023-11-14 23:48:04,613 [INFO] PluginManager:220 - loadIPPluginJar : add lorawan
2023-11-14 23:48:04,621 [INFO] IPUIPlugin:80 - create IPUIPlugin
2023-11-14 23:48:04,622 [INFO] PluginManager:220 - loadIPPluginJar : add ltdc
2023-11-14 23:48:04,647 [INFO] IPUIPlugin:80 - create IPUIPlugin
2023-11-14 23:48:04,651 [INFO] PluginManager:220 - loadIPPluginJar : add mdma
2023-11-14 23:48:04,662 [INFO] IPUIPlugin:80 - create IPUIPlugin
2023-11-14 23:48:04,663 [INFO] PluginManager:220 - loadIPPluginJar : add nvic
2023-11-14 23:48:04,670 [INFO] IPUIPlugin:80 - create IPUIPlugin
2023-11-14 23:48:04,670 [INFO] PluginManager:220 - loadIPPluginJar : add opamp
2023-11-14 23:48:04,676 [INFO] IPUIPlugin:80 - create IPUIPlugin
2023-11-14 23:48:04,677 [INFO] PluginManager:220 - loadIPPluginJar : add openamp
2023-11-14 23:48:04,688 [INFO] IPUIPlugin:80 - create IPUIPlugin
2023-11-14 23:48:04,688 [INFO] PluginManager:220 - loadIPPluginJar : add pdm2pcm
2023-11-14 23:48:04,701 [INFO] IPUIPlugin:80 - create IPUIPlugin
2023-11-14 23:48:04,708 [INFO] PluginManager:220 - loadIPPluginJar : add plateformsettings
2023-11-14 23:48:04,712 [INFO] IPUIPlugin:80 - create IPUIPlugin
2023-11-14 23:48:04,713 [INFO] PluginManager:220 - loadIPPluginJar : add quadspi
2023-11-14 23:48:04,720 [INFO] IPUIPlugin:80 - create IPUIPlugin
2023-11-14 23:48:04,721 [INFO] PluginManager:220 - loadIPPluginJar : add resmgrutility
2023-11-14 23:48:04,726 [INFO] IPUIPlugin:80 - create IPUIPlugin
2023-11-14 23:48:04,726 [INFO] PluginManager:220 - loadIPPluginJar : add sai
2023-11-14 23:48:04,733 [INFO] IPUIPlugin:80 - create IPUIPlugin
2023-11-14 23:48:04,733 [INFO] PluginManager:220 - loadIPPluginJar : add spi
2023-11-14 23:48:04,742 [INFO] IPUIPlugin:80 - create IPUIPlugin
2023-11-14 23:48:04,768 [INFO] PluginManager:220 - loadIPPluginJar : add stm32_wpan
2023-11-14 23:48:04,772 [INFO] IPUIPlugin:80 - create IPUIPlugin
2023-11-14 23:48:04,773 [INFO] PluginManager:220 - loadIPPluginJar : add tim
2023-11-14 23:48:04,778 [INFO] IPUIPlugin:80 - create IPUIPlugin
2023-11-14 23:48:04,779 [INFO] PluginManager:220 - loadIPPluginJar : add touchsensing
2023-11-14 23:48:04,783 [INFO] IPUIPlugin:80 - create IPUIPlugin
2023-11-14 23:48:04,783 [INFO] PluginManager:220 - loadIPPluginJar : add tracer_emb
2023-11-14 23:48:04,786 [INFO] IPUIPlugin:80 - create IPUIPlugin
2023-11-14 23:48:04,787 [INFO] PluginManager:220 - loadIPPluginJar : add ts
2023-11-14 23:48:04,790 [INFO] IPUIPlugin:80 - create IPUIPlugin
2023-11-14 23:48:04,790 [INFO] PluginManager:220 - loadIPPluginJar : add tsc
2023-11-14 23:48:04,794 [INFO] IPUIPlugin:80 - create IPUIPlugin
2023-11-14 23:48:04,794 [INFO] PluginManager:220 - loadIPPluginJar : add ucpd
2023-11-14 23:48:04,805 [INFO] IPUIPlugin:80 - create IPUIPlugin
2023-11-14 23:48:04,806 [INFO] PluginManager:220 - loadIPPluginJar : add usart
2023-11-14 23:48:04,813 [INFO] IPUIPlugin:80 - create IPUIPlugin
2023-11-14 23:48:04,813 [INFO] PluginManager:220 - loadIPPluginJar : add usbx
2023-11-14 23:48:05,154 [INFO] CADModel:165 - CPN selected for project level
2023-11-14 23:48:05,154 [INFO] CADModel:114 - Register for checkConnection events
2023-11-14 23:48:05,156 [FATAL] Updater:308 - Updater called before beeing initialized
2023-11-14 23:48:05,156 [ERROR] CADModel:125 - Updater not yet initialized, retry later 
2023-11-14 23:48:05,408 [INFO] CADModel:165 - CPN selected for project level
2023-11-14 23:48:05,408 [INFO] CADModel:114 - Register for checkConnection events
2023-11-14 23:48:05,408 [FATAL] Updater:308 - Updater called before beeing initialized
2023-11-14 23:48:05,409 [ERROR] CADModel:125 - Updater not yet initialized, retry later 
2023-11-14 23:48:05,415 [FATAL] Updater:308 - Updater called before beeing initialized
2023-11-14 23:48:05,611 [FATAL] Updater:308 - Updater called before beeing initialized
2023-11-14 23:48:05,620 [INFO] DbMcusAds:53 - JSON generation date=Tue Mar 07 09:50:55 CET 2023 (1678179055335)
2023-11-14 23:48:05,621 [FATAL] Updater:308 - Updater called before beeing initialized
2023-11-14 23:48:05,674 [WARN] DetailPanel:346 - Failed to get advertising image, set to default
2023-11-14 23:48:05,821 [FATAL] Updater:308 - Updater called before beeing initialized
2023-11-14 23:48:05,823 [FATAL] Updater:308 - Updater called before beeing initialized
2023-11-14 23:48:05,824 [FATAL] Updater:308 - Updater called before beeing initialized
2023-11-14 23:48:05,824 [WARN] DetailPanel:346 - Failed to get advertising image, set to default
2023-11-14 23:48:05,825 [FATAL] Updater:308 - Updater called before beeing initialized
2023-11-14 23:48:05,917 [ERROR] Updater:1120 - MainUpdater not yet initialized. External WinMGr cannot be set.
2023-11-14 23:48:05,922 [INFO] Updater:1056 - Updater Version found : 6.9.2
2023-11-14 23:48:05,951 [INFO] ApplicationProperties:184 - Using Application install path: C:\ST\STM32CubeIDE_1.13.2\STM32CubeIDE\plugins\com.st.stm32cube.common.mx_6.9.2.202309101412
2023-11-14 23:48:06,158 [INFO] MainUpdater:2868 - connection check result : 10
2023-11-14 23:48:06,159 [INFO] MainUpdater:285 - Updater Check For Update Now.
2023-11-14 23:48:06,160 [INFO] MicroXplorer:498 - Change Database Version : DB.6.0.92
2023-11-14 23:48:06,173 [INFO] McuFinderGlobals:63 - Set McuFinder mode to 2 (CubeIDE integrated)
2023-11-14 23:48:06,453 [INFO] CheckServerUpdateThread:120 - End of CheckServer Thread
2023-11-14 23:48:07,017 [WARN] PackLoader:240 - Cannot read IP mode file for STMicroelectronics.X-CUBE-SMBUS.2.1.0
2023-11-14 23:48:07,107 [WARN] PackLoader:240 - Cannot read IP mode file for STMicroelectronics.X-CUBE-AZRTOS-F7.1.1.0
2023-11-14 23:48:07,135 [WARN] PackLoader:240 - Cannot read IP mode file for STMicroelectronics.FP-SNS-MOTENV1.4.3.2
2023-11-14 23:48:07,150 [WARN] PackLoader:240 - Cannot read IP mode file for STMicroelectronics.FP-SNS-FLIGHT1.5.0.2
2023-11-14 23:48:07,185 [WARN] PackLoader:240 - Cannot read IP mode file for STMicroelectronics.X-CUBE-DISPLAY.3.0.0
2023-11-14 23:48:07,216 [WARN] PackLoader:240 - Cannot read IP mode file for STMicroelectronics.X-CUBE-BLE1.7.0.0
2023-11-14 23:48:07,230 [WARN] PackLoader:240 - Cannot read IP mode file for emotas.I-CUBE-CANOPEN.1.3.0
2023-11-14 23:48:07,239 [WARN] PackLoader:240 - Cannot read IP mode file for STMicroelectronics.X-CUBE-TOUCHGFX.4.22.1
2023-11-14 23:48:07,249 [WARN] PackLoader:240 - Cannot read IP mode file for STMicroelectronics.FP-SNS-SMARTAG2.1.2.0
2023-11-14 23:48:07,277 [INFO] LogOutputStream:77 - [STDOUT_REDIRECT] 1 : Invalid condition id : UX_CORESTACK_Condition cause : null
2023-11-14 23:48:07,279 [INFO] LogOutputStream:77 - [STDOUT_REDIRECT] 1 : Invalid condition id : UX_CORESTACK_Condition cause : null
2023-11-14 23:48:07,284 [INFO] LogOutputStream:77 - [STDOUT_REDIRECT] 1 : Invalid condition id : UX_CORESTACK_Condition cause : null
2023-11-14 23:48:07,293 [INFO] LogOutputStream:77 - [STDOUT_REDIRECT] 1 : Invalid condition id : UX_CORESTACK_Condition cause : null
2023-11-14 23:48:07,298 [INFO] LogOutputStream:77 - [STDOUT_REDIRECT] 1 : Invalid condition id : UX_CORESTACK_Condition cause : null
2023-11-14 23:48:07,321 [WARN] PackLoader:240 - Cannot read IP mode file for STMicroelectronics.X-CUBE-AZRTOS-WL.2.0.0
2023-11-14 23:48:07,339 [WARN] PackLoader:240 - Cannot read IP mode file for WES.I-CUBE-Cesium.1.3.0
2023-11-14 23:48:07,350 [WARN] PackLoader:240 - Cannot read IP mode file for STMicroelectronics.X-CUBE-BLE2.3.3.0
2023-11-14 23:48:07,362 [WARN] PackLoader:240 - Cannot read IP mode file for STMicroelectronics.X-CUBE-ALGOBUILD.1.3.0
2023-11-14 23:48:07,421 [WARN] PackLoader:240 - Cannot read IP mode file for STMicroelectronics.X-CUBE-AZRTOS-G0.1.1.0
2023-11-14 23:48:07,439 [WARN] PackLoader:240 - Cannot read IP mode file for STMicroelectronics.X-CUBE-NFC4.3.0.0
2023-11-14 23:48:07,464 [WARN] PackLoader:240 - Cannot read IP mode file for STMicroelectronics.X-CUBE-BLEMGR.3.0.0
2023-11-14 23:48:07,478 [WARN] PackLoader:240 - Cannot read IP mode file for STMicroelectronics.FP-ATR-SIGFOX1.3.2.0
2023-11-14 23:48:07,593 [WARN] PackLoader:240 - Cannot read IP mode file for SEGGER.I-CUBE-embOS.1.3.1
2023-11-14 23:48:07,724 [WARN] PackLoader:240 - Cannot read IP mode file for STMicroelectronics.X-CUBE-GNSS1.6.0.0
2023-11-14 23:48:07,799 [WARN] PackLoader:240 - Cannot read IP mode file for STMicroelectronics.X-CUBE-AZRTOS-F4.1.1.0
2023-11-14 23:48:07,814 [WARN] PackLoader:240 - Cannot read IP mode file for wolfSSL.I-CUBE-wolfSSL.5.6.3
2023-11-14 23:48:07,858 [WARN] PackLoader:240 - Cannot read IP mode file for STMicroelectronics.X-CUBE-AZRTOS-L5.2.0.0
2023-11-14 23:48:08,006 [WARN] PackLoader:240 - Cannot read IP mode file for STMicroelectronics.X-CUBE-MEMS1.9.6.0
2023-11-14 23:48:08,510 [WARN] PackLoader:240 - Cannot read IP mode file for STMicroelectronics.X-CUBE-EEPRMA1.4.2.0
2023-11-14 23:48:08,528 [WARN] PackLoader:240 - Cannot read IP mode file for ITTIA_DB.I-CUBE-ITTIADB.8.8.0
2023-11-14 23:48:08,552 [WARN] PackLoader:240 - Cannot read IP mode file for STMicroelectronics.X-CUBE-BLEMGR.2.0.0
2023-11-14 23:48:08,607 [WARN] ConditionMgr:438 - getConditionDescription Invalid condition id : UX DEVICE CLASS RTOS Condition cause : null
2023-11-14 23:48:08,607 [WARN] ConditionMgr:438 - getConditionDescription Invalid condition id : UX DEVICE CLASS RTOS Condition cause : null
2023-11-14 23:48:08,614 [WARN] PackLoader:240 - Cannot read IP mode file for STMicroelectronics.X-CUBE-AZRTOS-H7.3.1.0
2023-11-14 23:48:08,616 [WARN] ConditionMgr:1039 - genDependencies : Invalid condition id : UX DEVICE CLASS RTOS Condition cause : null
2023-11-14 23:48:08,617 [WARN] ConditionMgr:1039 - genDependencies : Invalid condition id : UX DEVICE CLASS RTOS Condition cause : null
2023-11-14 23:48:08,618 [WARN] ConditionMgr:1039 - genDependencies : Invalid condition id : UX DEVICE CLASS RTOS Condition cause : null
2023-11-14 23:48:08,619 [WARN] ConditionMgr:1039 - genDependencies : Invalid condition id : UX DEVICE CLASS RTOS Condition cause : null
2023-11-14 23:48:08,619 [WARN] ConditionMgr:1039 - genDependencies : Invalid condition id : UX DEVICE CLASS RTOS Condition cause : null
2023-11-14 23:48:08,648 [WARN] PackLoader:240 - Cannot read IP mode file for STMicroelectronics.X-CUBE-NFC7.1.0.1
2023-11-14 23:48:08,669 [WARN] PackLoader:240 - Cannot read IP mode file for STMicroelectronics.X-CUBE-NFC6.3.0.0
2023-11-14 23:48:08,685 [WARN] PackLoader:240 - Cannot read IP mode file for STMicroelectronics.X-CUBE-EEPRMA1.4.1.0
2023-11-14 23:48:08,697 [WARN] PackLoader:240 - Cannot read IP mode file for STMicroelectronics.X-CUBE-AI.8.1.0
2023-11-14 23:48:08,749 [WARN] ConditionMgr:438 - getConditionDescription Invalid condition id : LAN8742 Phy interface Condition cause : null
2023-11-14 23:48:08,751 [WARN] PackLoader:240 - Cannot read IP mode file for STMicroelectronics.X-CUBE-AZRTOS-L4.2.0.0
2023-11-14 23:48:08,755 [WARN] ConditionMgr:1039 - genDependencies : Invalid condition id : LAN8742 Phy interface Condition cause : null
2023-11-14 23:48:08,756 [WARN] ConditionMgr:1039 - genDependencies : Invalid condition id : LAN8742 Phy interface Condition cause : null
2023-11-14 23:48:08,757 [WARN] ConditionMgr:1039 - genDependencies : Invalid condition id : LAN8742 Phy interface Condition cause : null
2023-11-14 23:48:08,805 [WARN] PackLoader:240 - Cannot read IP mode file for STMicroelectronics.X-CUBE-SFXS2LP1.4.0.0
2023-11-14 23:48:08,816 [WARN] PackLoader:240 - Cannot read IP mode file for STMicroelectronics.X-CUBE-ISPU.1.1.0
2023-11-14 23:48:08,883 [WARN] ConditionMgr:438 - getConditionDescription Invalid condition id : UX DEVICE CLASS RTOS Condition cause : null
2023-11-14 23:48:08,883 [WARN] ConditionMgr:438 - getConditionDescription Invalid condition id : UX DEVICE CLASS RTOS Condition cause : null
2023-11-14 23:48:08,888 [WARN] PackLoader:240 - Cannot read IP mode file for STMicroelectronics.X-CUBE-AZRTOS-WB.2.0.0
2023-11-14 23:48:08,892 [WARN] ConditionMgr:1039 - genDependencies : Invalid condition id : UX DEVICE CLASS RTOS Condition cause : null
2023-11-14 23:48:08,892 [WARN] ConditionMgr:1039 - genDependencies : Invalid condition id : UX DEVICE CLASS RTOS Condition cause : null
2023-11-14 23:48:08,894 [WARN] ConditionMgr:1039 - genDependencies : Invalid condition id : UX DEVICE CLASS RTOS Condition cause : null
2023-11-14 23:48:08,894 [WARN] ConditionMgr:1039 - genDependencies : Invalid condition id : UX DEVICE CLASS RTOS Condition cause : null
2023-11-14 23:48:08,894 [WARN] ConditionMgr:1039 - genDependencies : Invalid condition id : UX DEVICE CLASS RTOS Condition cause : null
2023-11-14 23:48:08,917 [WARN] PackLoader:240 - Cannot read IP mode file for STMicroelectronics.X-CUBE-SUBG2.5.0.0
2023-11-14 23:48:09,034 [WARN] PackLoader:240 - Cannot read IP mode file for STMicroelectronics.X-CUBE-TOF1.3.3.1
2023-11-14 23:48:09,082 [WARN] PackLoader:240 - Cannot read IP mode file for STMicroelectronics.X-CUBE-AZRTOS-G4.2.0.0
2023-11-14 23:48:09,112 [WARN] PackLoader:240 - Cannot read IP mode file for Infineon.AIROC-Wi-Fi-Bluetooth-STM32.1.5.1
2023-11-14 23:48:09,124 [WARN] PackLoader:240 - Cannot read IP mode file for STMicroelectronics.FP-SNS-MOTENVWB1.1.3.0
2023-11-14 23:48:09,264 [WARN] PackLoader:240 - Cannot read IP mode file for STMicroelectronics.X-CUBE-MEMS1.10.0.0
2023-11-14 23:48:09,650 [WARN] PackLoader:240 - Cannot read IP mode file for STMicroelectronics.X-CUBE-FREERTOS.1.1.0
2023-11-14 23:48:09,666 [WARN] PackLoader:240 - Cannot read IP mode file for portGmbH.I-Cube-SoM-uGOAL.1.1.0
2023-11-14 23:48:09,677 [WARN] PackLoader:240 - Cannot read IP mode file for STMicroelectronics.X-CUBE-ALS.1.0.1
2023-11-14 23:48:09,688 [WARN] PackLoader:240 - Cannot read IP mode file for STMicroelectronics.FP-ATR-ASTRA1.2.0.0
2023-11-14 23:48:09,691 [INFO] ThirdParty:978 - Integrity check success = true
2023-11-14 23:48:09,694 [INFO] IntegrityCheckThread:100 - exiting critical section [integrity check]
2023-11-14 23:48:09,696 [INFO] IntegrityCheckThread:103 - End integrity checks thread
2023-11-14 23:48:27,787 [ERROR] LogOutputStream:75 - [STDERR_REDIRECT] SLF4J: Failed to load class "org.slf4j.impl.StaticLoggerBinder".
2023-11-14 23:48:27,788 [ERROR] LogOutputStream:75 - [STDERR_REDIRECT] SLF4J: Defaulting to no-operation (NOP) logger implementation
2023-11-14 23:48:27,791 [ERROR] LogOutputStream:75 - [STDERR_REDIRECT] SLF4J: See http://www.slf4j.org/codes.html#StaticLoggerBinder for further details.
